<?xml version="1.0" encoding="UTF-8"?>
<testsuite xmlns:xsi="http://www.w3.org/2001/XMLSchema-instance" xsi:noNamespaceSchemaLocation="https://maven.apache.org/surefire/maven-surefire-plugin/xsd/surefire-test-report-3.0.xsd" version="3.0" name="TestSuite" time="156.787" tests="7" errors="0" skipped="0" failures="1">
  <properties>
    <property name="sun.desktop" value="windows"/>
    <property name="awt.toolkit" value="sun.awt.windows.WToolkit"/>
    <property name="file.encoding.pkg" value="sun.io"/>
    <property name="java.specification.version" value="1.8"/>
    <property name="webdriver.chrome.driver" value="C:\ExceciseTu-workspace\TuiAssignment\src\test\resources\executables\chromedriver.exe"/>
    <property name="sun.cpu.isalist" value="amd64"/>
    <property name="sun.jnu.encoding" value="Cp1252"/>
    <property name="java.class.path" value="C:\ExceciseTu-workspace\TuiAssignment\target\test-classes;C:\ExceciseTu-workspace\TuiAssignment\target\classes;C:\Users\adsid\.m2\repository\org\seleniumhq\selenium\selenium-java\3.141.59\selenium-java-3.141.59.jar;C:\Users\adsid\.m2\repository\org\seleniumhq\selenium\selenium-api\3.141.59\selenium-api-3.141.59.jar;C:\Users\adsid\.m2\repository\org\seleniumhq\selenium\selenium-chrome-driver\3.141.59\selenium-chrome-driver-3.141.59.jar;C:\Users\adsid\.m2\repository\org\seleniumhq\selenium\selenium-edge-driver\3.141.59\selenium-edge-driver-3.141.59.jar;C:\Users\adsid\.m2\repository\org\seleniumhq\selenium\selenium-firefox-driver\3.141.59\selenium-firefox-driver-3.141.59.jar;C:\Users\adsid\.m2\repository\org\seleniumhq\selenium\selenium-ie-driver\3.141.59\selenium-ie-driver-3.141.59.jar;C:\Users\adsid\.m2\repository\org\seleniumhq\selenium\selenium-opera-driver\3.141.59\selenium-opera-driver-3.141.59.jar;C:\Users\adsid\.m2\repository\org\seleniumhq\selenium\selenium-remote-driver\3.141.59\selenium-remote-driver-3.141.59.jar;C:\Users\adsid\.m2\repository\org\seleniumhq\selenium\selenium-safari-driver\3.141.59\selenium-safari-driver-3.141.59.jar;C:\Users\adsid\.m2\repository\org\seleniumhq\selenium\selenium-support\3.141.59\selenium-support-3.141.59.jar;C:\Users\adsid\.m2\repository\net\bytebuddy\byte-buddy\1.8.15\byte-buddy-1.8.15.jar;C:\Users\adsid\.m2\repository\org\apache\commons\commons-exec\1.3\commons-exec-1.3.jar;C:\Users\adsid\.m2\repository\com\google\guava\guava\25.0-jre\guava-25.0-jre.jar;C:\Users\adsid\.m2\repository\com\google\code\findbugs\jsr305\1.3.9\jsr305-1.3.9.jar;C:\Users\adsid\.m2\repository\org\checkerframework\checker-compat-qual\2.0.0\checker-compat-qual-2.0.0.jar;C:\Users\adsid\.m2\repository\com\google\errorprone\error_prone_annotations\2.1.3\error_prone_annotations-2.1.3.jar;C:\Users\adsid\.m2\repository\com\google\j2objc\j2objc-annotations\1.1\j2objc-annotations-1.1.jar;C:\Users\adsid\.m2\repository\org\codehaus\mojo\animal-sniffer-annotations\1.14\animal-sniffer-annotations-1.14.jar;C:\Users\adsid\.m2\repository\com\squareup\okhttp3\okhttp\3.11.0\okhttp-3.11.0.jar;C:\Users\adsid\.m2\repository\com\squareup\okio\okio\1.14.0\okio-1.14.0.jar;C:\Users\adsid\.m2\repository\io\cucumber\cucumber-java\5.3.0\cucumber-java-5.3.0.jar;C:\Users\adsid\.m2\repository\io\cucumber\cucumber-core\5.3.0\cucumber-core-5.3.0.jar;C:\Users\adsid\.m2\repository\io\cucumber\cucumber-gherkin\5.3.0\cucumber-gherkin-5.3.0.jar;C:\Users\adsid\.m2\repository\io\cucumber\cucumber-gherkin-vintage\5.3.0\cucumber-gherkin-vintage-5.3.0.jar;C:\Users\adsid\.m2\repository\io\cucumber\tag-expressions\2.0.4\tag-expressions-2.0.4.jar;C:\Users\adsid\.m2\repository\io\cucumber\cucumber-expressions\8.3.1\cucumber-expressions-8.3.1.jar;C:\Users\adsid\.m2\repository\io\cucumber\datatable\3.3.0\datatable-3.3.0.jar;C:\Users\adsid\.m2\repository\io\cucumber\cucumber-plugin\5.3.0\cucumber-plugin-5.3.0.jar;C:\Users\adsid\.m2\repository\io\cucumber\docstring\5.3.0\docstring-5.3.0.jar;C:\Users\adsid\.m2\repository\org\apiguardian\apiguardian-api\1.1.0\apiguardian-api-1.1.0.jar;C:\Users\adsid\.m2\repository\io\cucumber\cucumber-testng\5.3.0\cucumber-testng-5.3.0.jar;C:\Users\adsid\.m2\repository\org\testng\testng\7.1.0\testng-7.1.0.jar;C:\Users\adsid\.m2\repository\com\beust\jcommander\1.72\jcommander-1.72.jar;C:\Users\adsid\.m2\repository\com\google\inject\guice\4.1.0\guice-4.1.0-no_aop.jar;C:\Users\adsid\.m2\repository\javax\inject\javax.inject\1\javax.inject-1.jar;C:\Users\adsid\.m2\repository\aopalliance\aopalliance\1.0\aopalliance-1.0.jar;C:\Users\adsid\.m2\repository\org\yaml\snakeyaml\1.21\snakeyaml-1.21.jar;C:\Users\adsid\.m2\repository\io\cucumber\cucumber-junit\5.3.0\cucumber-junit-5.3.0.jar;C:\Users\adsid\.m2\repository\junit\junit\4.13\junit-4.13.jar;C:\Users\adsid\.m2\repository\org\hamcrest\hamcrest-core\1.3\hamcrest-core-1.3.jar;C:\Users\adsid\.m2\repository\org\apache\logging\log4j\log4j-api\2.8.2\log4j-api-2.8.2.jar;C:\Users\adsid\.m2\repository\org\apache\logging\log4j\log4j-core\2.8.2\log4j-core-2.8.2.jar;C:\Users\adsid\.m2\repository\commons-io\commons-io\2.6\commons-io-2.6.jar;C:\Users\adsid\.m2\repository\com\aventstack\extentreports\4.0.9\extentreports-4.0.9.jar;C:\Users\adsid\.m2\repository\org\freemarker\freemarker\2.3.23\freemarker-2.3.23.jar;C:\Users\adsid\.m2\repository\org\mongodb\mongodb-driver\3.3.0\mongodb-driver-3.3.0.jar;C:\Users\adsid\.m2\repository\org\mongodb\mongodb-driver-core\3.3.0\mongodb-driver-core-3.3.0.jar;C:\Users\adsid\.m2\repository\org\mongodb\bson\3.3.0\bson-3.3.0.jar;C:\Users\adsid\.m2\repository\org\apache\httpcomponents\httpclient\4.5.2\httpclient-4.5.2.jar;C:\Users\adsid\.m2\repository\org\apache\httpcomponents\httpcore\4.4.4\httpcore-4.4.4.jar;C:\Users\adsid\.m2\repository\commons-logging\commons-logging\1.2\commons-logging-1.2.jar;C:\Users\adsid\.m2\repository\commons-codec\commons-codec\1.9\commons-codec-1.9.jar;C:\Users\adsid\.m2\repository\org\apache\httpcomponents\httpmime\4.5.2\httpmime-4.5.2.jar;C:\Users\adsid\.m2\repository\com\google\code\gson\gson\2.8.5\gson-2.8.5.jar;"/>
    <property name="java.vm.vendor" value="Oracle Corporation"/>
    <property name="sun.arch.data.model" value="64"/>
    <property name="user.variant" value=""/>
    <property name="java.vendor.url" value="http://java.oracle.com/"/>
    <property name="user.timezone" value="Europe/London"/>
    <property name="java.vm.specification.version" value="1.8"/>
    <property name="browserName" value="chrome"/>
    <property name="os.name" value="Windows 10"/>
    <property name="user.country" value="GB"/>
    <property name="sun.java.launcher" value="SUN_STANDARD"/>
    <property name="sun.boot.library.path" value="C:\Program Files\Java\jdk1.8.0_231\jre\bin"/>
    <property name="sun.java.command" value="C:\Users\adsid\AppData\Local\Temp\surefire7198097486974929971\surefirebooter7721860761528788079.jar C:\Users\adsid\AppData\Local\Temp\surefire7198097486974929971 2020-02-23T00-28-13_230-jvmRun1 surefire4800345292603432880tmp surefire_01186329421824605443tmp"/>
    <property name="surefire.test.class.path" value="C:\ExceciseTu-workspace\TuiAssignment\target\test-classes;C:\ExceciseTu-workspace\TuiAssignment\target\classes;C:\Users\adsid\.m2\repository\org\seleniumhq\selenium\selenium-java\3.141.59\selenium-java-3.141.59.jar;C:\Users\adsid\.m2\repository\org\seleniumhq\selenium\selenium-api\3.141.59\selenium-api-3.141.59.jar;C:\Users\adsid\.m2\repository\org\seleniumhq\selenium\selenium-chrome-driver\3.141.59\selenium-chrome-driver-3.141.59.jar;C:\Users\adsid\.m2\repository\org\seleniumhq\selenium\selenium-edge-driver\3.141.59\selenium-edge-driver-3.141.59.jar;C:\Users\adsid\.m2\repository\org\seleniumhq\selenium\selenium-firefox-driver\3.141.59\selenium-firefox-driver-3.141.59.jar;C:\Users\adsid\.m2\repository\org\seleniumhq\selenium\selenium-ie-driver\3.141.59\selenium-ie-driver-3.141.59.jar;C:\Users\adsid\.m2\repository\org\seleniumhq\selenium\selenium-opera-driver\3.141.59\selenium-opera-driver-3.141.59.jar;C:\Users\adsid\.m2\repository\org\seleniumhq\selenium\selenium-remote-driver\3.141.59\selenium-remote-driver-3.141.59.jar;C:\Users\adsid\.m2\repository\org\seleniumhq\selenium\selenium-safari-driver\3.141.59\selenium-safari-driver-3.141.59.jar;C:\Users\adsid\.m2\repository\org\seleniumhq\selenium\selenium-support\3.141.59\selenium-support-3.141.59.jar;C:\Users\adsid\.m2\repository\net\bytebuddy\byte-buddy\1.8.15\byte-buddy-1.8.15.jar;C:\Users\adsid\.m2\repository\org\apache\commons\commons-exec\1.3\commons-exec-1.3.jar;C:\Users\adsid\.m2\repository\com\google\guava\guava\25.0-jre\guava-25.0-jre.jar;C:\Users\adsid\.m2\repository\com\google\code\findbugs\jsr305\1.3.9\jsr305-1.3.9.jar;C:\Users\adsid\.m2\repository\org\checkerframework\checker-compat-qual\2.0.0\checker-compat-qual-2.0.0.jar;C:\Users\adsid\.m2\repository\com\google\errorprone\error_prone_annotations\2.1.3\error_prone_annotations-2.1.3.jar;C:\Users\adsid\.m2\repository\com\google\j2objc\j2objc-annotations\1.1\j2objc-annotations-1.1.jar;C:\Users\adsid\.m2\repository\org\codehaus\mojo\animal-sniffer-annotations\1.14\animal-sniffer-annotations-1.14.jar;C:\Users\adsid\.m2\repository\com\squareup\okhttp3\okhttp\3.11.0\okhttp-3.11.0.jar;C:\Users\adsid\.m2\repository\com\squareup\okio\okio\1.14.0\okio-1.14.0.jar;C:\Users\adsid\.m2\repository\io\cucumber\cucumber-java\5.3.0\cucumber-java-5.3.0.jar;C:\Users\adsid\.m2\repository\io\cucumber\cucumber-core\5.3.0\cucumber-core-5.3.0.jar;C:\Users\adsid\.m2\repository\io\cucumber\cucumber-gherkin\5.3.0\cucumber-gherkin-5.3.0.jar;C:\Users\adsid\.m2\repository\io\cucumber\cucumber-gherkin-vintage\5.3.0\cucumber-gherkin-vintage-5.3.0.jar;C:\Users\adsid\.m2\repository\io\cucumber\tag-expressions\2.0.4\tag-expressions-2.0.4.jar;C:\Users\adsid\.m2\repository\io\cucumber\cucumber-expressions\8.3.1\cucumber-expressions-8.3.1.jar;C:\Users\adsid\.m2\repository\io\cucumber\datatable\3.3.0\datatable-3.3.0.jar;C:\Users\adsid\.m2\repository\io\cucumber\cucumber-plugin\5.3.0\cucumber-plugin-5.3.0.jar;C:\Users\adsid\.m2\repository\io\cucumber\docstring\5.3.0\docstring-5.3.0.jar;C:\Users\adsid\.m2\repository\org\apiguardian\apiguardian-api\1.1.0\apiguardian-api-1.1.0.jar;C:\Users\adsid\.m2\repository\io\cucumber\cucumber-testng\5.3.0\cucumber-testng-5.3.0.jar;C:\Users\adsid\.m2\repository\org\testng\testng\7.1.0\testng-7.1.0.jar;C:\Users\adsid\.m2\repository\com\beust\jcommander\1.72\jcommander-1.72.jar;C:\Users\adsid\.m2\repository\com\google\inject\guice\4.1.0\guice-4.1.0-no_aop.jar;C:\Users\adsid\.m2\repository\javax\inject\javax.inject\1\javax.inject-1.jar;C:\Users\adsid\.m2\repository\aopalliance\aopalliance\1.0\aopalliance-1.0.jar;C:\Users\adsid\.m2\repository\org\yaml\snakeyaml\1.21\snakeyaml-1.21.jar;C:\Users\adsid\.m2\repository\io\cucumber\cucumber-junit\5.3.0\cucumber-junit-5.3.0.jar;C:\Users\adsid\.m2\repository\junit\junit\4.13\junit-4.13.jar;C:\Users\adsid\.m2\repository\org\hamcrest\hamcrest-core\1.3\hamcrest-core-1.3.jar;C:\Users\adsid\.m2\repository\org\apache\logging\log4j\log4j-api\2.8.2\log4j-api-2.8.2.jar;C:\Users\adsid\.m2\repository\org\apache\logging\log4j\log4j-core\2.8.2\log4j-core-2.8.2.jar;C:\Users\adsid\.m2\repository\commons-io\commons-io\2.6\commons-io-2.6.jar;C:\Users\adsid\.m2\repository\com\aventstack\extentreports\4.0.9\extentreports-4.0.9.jar;C:\Users\adsid\.m2\repository\org\freemarker\freemarker\2.3.23\freemarker-2.3.23.jar;C:\Users\adsid\.m2\repository\org\mongodb\mongodb-driver\3.3.0\mongodb-driver-3.3.0.jar;C:\Users\adsid\.m2\repository\org\mongodb\mongodb-driver-core\3.3.0\mongodb-driver-core-3.3.0.jar;C:\Users\adsid\.m2\repository\org\mongodb\bson\3.3.0\bson-3.3.0.jar;C:\Users\adsid\.m2\repository\org\apache\httpcomponents\httpclient\4.5.2\httpclient-4.5.2.jar;C:\Users\adsid\.m2\repository\org\apache\httpcomponents\httpcore\4.4.4\httpcore-4.4.4.jar;C:\Users\adsid\.m2\repository\commons-logging\commons-logging\1.2\commons-logging-1.2.jar;C:\Users\adsid\.m2\repository\commons-codec\commons-codec\1.9\commons-codec-1.9.jar;C:\Users\adsid\.m2\repository\org\apache\httpcomponents\httpmime\4.5.2\httpmime-4.5.2.jar;C:\Users\adsid\.m2\repository\com\google\code\gson\gson\2.8.5\gson-2.8.5.jar;"/>
    <property name="sun.cpu.endian" value="little"/>
    <property name="user.home" value="C:\Users\adsid"/>
    <property name="user.language" value="en"/>
    <property name="java.specification.vendor" value="Oracle Corporation"/>
    <property name="java.home" value="C:\Program Files\Java\jdk1.8.0_231\jre"/>
    <property name="basedir" value="C:\ExceciseTu-workspace\TuiAssignment"/>
    <property name="file.separator" value="\"/>
    <property name="line.separator" value="&#10;"/>
    <property name="java.vm.specification.vendor" value="Oracle Corporation"/>
    <property name="java.specification.name" value="Java Platform API Specification"/>
    <property name="java.awt.graphicsenv" value="sun.awt.Win32GraphicsEnvironment"/>
    <property name="surefire.real.class.path" value="C:\Users\adsid\AppData\Local\Temp\surefire7198097486974929971\surefirebooter7721860761528788079.jar"/>
    <property name="sun.boot.class.path" value="C:\Program Files\Java\jdk1.8.0_231\jre\lib\resources.jar;C:\Program Files\Java\jdk1.8.0_231\jre\lib\rt.jar;C:\Program Files\Java\jdk1.8.0_231\jre\lib\sunrsasign.jar;C:\Program Files\Java\jdk1.8.0_231\jre\lib\jsse.jar;C:\Program Files\Java\jdk1.8.0_231\jre\lib\jce.jar;C:\Program Files\Java\jdk1.8.0_231\jre\lib\charsets.jar;C:\Program Files\Java\jdk1.8.0_231\jre\lib\jfr.jar;C:\Program Files\Java\jdk1.8.0_231\jre\classes"/>
    <property name="user.script" value=""/>
    <property name="sun.management.compiler" value="HotSpot 64-Bit Tiered Compilers"/>
    <property name="java.runtime.version" value="1.8.0_231-b11"/>
    <property name="user.name" value="adsid"/>
    <property name="path.separator" value=";"/>
    <property name="os.version" value="10.0"/>
    <property name="java.endorsed.dirs" value="C:\Program Files\Java\jdk1.8.0_231\jre\lib\endorsed"/>
    <property name="java.runtime.name" value="Java(TM) SE Runtime Environment"/>
    <property name="file.encoding" value="Cp1252"/>
    <property name="java.vm.name" value="Java HotSpot(TM) 64-Bit Server VM"/>
    <property name="localRepository" value="C:\Users\adsid\.m2\repository"/>
    <property name="java.vendor.url.bug" value="http://bugreport.sun.com/bugreport/"/>
    <property name="java.io.tmpdir" value="C:\Users\adsid\AppData\Local\Temp\"/>
    <property name="java.version" value="1.8.0_231"/>
    <property name="user.dir" value="C:\ExceciseTu-workspace\TuiAssignment"/>
    <property name="os.arch" value="amd64"/>
    <property name="java.vm.specification.name" value="Java Virtual Machine Specification"/>
    <property name="java.awt.printerjob" value="sun.awt.windows.WPrinterJob"/>
    <property name="sun.os.patch.level" value=""/>
    <property name="java.library.path" value="C:\Program Files\Java\jdk1.8.0_231\jre\bin;C:\WINDOWS\Sun\Java\bin;C:\WINDOWS\system32;C:\WINDOWS;C:/Program Files/Java/jdk-13/bin/server;C:/Program Files/Java/jdk-13/bin;C:\Program Files (x86)\Common Files\Oracle\Java\javapath;C:\windows\system32;C:\windows;C:\windows\System32\Wbem;C:\windows\System32\WindowsPowerShell\v1.0\;C:\windows\System32\OpenSSH\;C:\Program Files (x86)\NVIDIA Corporation\PhysX\Common;C:\Program Files\Intel\WiFi\bin\;C:\Program Files\Common Files\Intel\WirelessCommon\;C:\Program Files (x86)\Intel\Intel(R) Management Engine Components\DAL;C:\Program Files\Intel\Intel(R) Management Engine Components\DAL;C:\Program Files\Java\jdk1.8.0_231\bin;C:\Users\adsid\AppData\Local\Android\Sdk\tools\bin;C:\Users\adsid\AppData\Local\Android\Sdk\tools;C:\Users\adsid\AppData\Local\Android\Sdk\platform-tools;C:\Program Files\nodejs\;C:\Program Files\nodejs\node_modules\npm\bin;C:\apache-maven-3.6.2-bin\apache-maven-3.6.2\bin;C:\Users\adsid\AppData\Roaming\npm\node_modules\protractor\bin;C:\Program Files\PuTTY\;C:\Program Files\dotnet\;C:\Python38;C:\Python38\DLLs;C:\Python38\Lib;C:\Python38\Scripts;C:\Program Files\Git\cmd;C:\Gradle\gradle-6.1.1\bin;C:\Program Files\Docker\Docker\resources\bin;C:\ProgramData\DockerDesktop\version-bin;C:\Program Files (x86)\Microsoft\Edge\Application;;%SystemRoot%\system32;%SystemRoot%;%SystemRoot%\System32\Wbem;%SYSTEMROOT%\System32\WindowsPowerShell\v1.0\;%SYSTEMROOT%\System32\OpenSSH\;C:\Users\adsid\AppData\Local\Microsoft\WindowsApps;C:\Users\adsid\AppData\Roaming\npm;C:\Users\adsid\AppData\Local\Programs\Microsoft VS Code\bin;C:\Users\adsid\AppData\Local\Programs\Fiddler;C:\Users\adsid\AppData\Local\Programs\Python\Python38;C:\Users\adsid\AppData\Local\Programs\Python\Python38\DLLs;C:\Users\adsid\AppData\Local\Programs\Python\Python38\Lib;C:\Users\adsid\AppData\Local\Programs\Python\Python38\Scripts;;%USERPROFILE%\AppData\Local\Microsoft\WindowsApps;C:\WINDOWS\System32;;."/>
    <property name="java.vm.info" value="mixed mode"/>
    <property name="java.vendor" value="Oracle Corporation"/>
    <property name="java.vm.version" value="25.231-b11"/>
    <property name="java.ext.dirs" value="C:\Program Files\Java\jdk1.8.0_231\jre\lib\ext;C:\WINDOWS\Sun\Java\lib\ext"/>
    <property name="sun.io.unicode.encoding" value="UnicodeLittle"/>
    <property name="java.class.version" value="52.0"/>
  </properties>
  <testcase name="runScenario" classname="cucumberOptions.TestRunner" time="18.352"/>
  <testcase name="runScenario" classname="cucumberOptions.TestRunner" time="16.787"/>
  <testcase name="runScenario" classname="cucumberOptions.TestRunner" time="16.785"/>
  <testcase name="runScenario" classname="cucumberOptions.TestRunner" time="18.065"/>
  <testcase name="runScenario" classname="cucumberOptions.TestRunner" time="19.405"/>
  <testcase name="runScenario" classname="cucumberOptions.TestRunner" time="23.077"/>
  <testcase name="runScenario" classname="cucumberOptions.TestRunner" time="41.115">
    <failure message="Expected condition failed: waiting for visibility of [[[[[[ChromeDriver: chrome on WINDOWS (c68cca534c1ed08b3eedfb1254760ae1)] -&gt; css selector: ul[class*=&apos;product_list&apos;]]] -&gt; xpath: //a[@title=&apos;Printed Chiffon Dress&apos;]/following-sibling::div[@class=&apos;content_price&apos;]/span[@class=&apos;price product-price&apos;][contains(text(),&apos;$16.40&apos;)]/ancestor::li]] -&gt; xpath: //a[@title=&apos;Add to cart&apos;]] (tried for 20 second(s) with 500 milliseconds interval)&#10;Build info: version: &apos;3.141.59&apos;, revision: &apos;e82be7d358&apos;, time: &apos;2018-11-14T08:17:03&apos;&#10;System info: host: &apos;DESKTOP-VDUHRSE&apos;, ip: &apos;192.168.0.24&apos;, os.name: &apos;Windows 10&apos;, os.arch: &apos;amd64&apos;, os.version: &apos;10.0&apos;, java.version: &apos;1.8.0_231&apos;&#10;Driver info: org.openqa.selenium.chrome.ChromeDriver&#10;Capabilities {acceptInsecureCerts: false, browserName: chrome, browserVersion: 80.0.3987.116, chrome: {chromedriverVersion: 79.0.3945.36 (3582db32b3389..., userDataDir: C:\Users\adsid\AppData\Loca...}, goog:chromeOptions: {debuggerAddress: localhost:50816}, javascriptEnabled: true, networkConnectionEnabled: false, pageLoadStrategy: normal, platform: WINDOWS, platformName: WINDOWS, proxy: Proxy(), setWindowRect: true, strictFileInteractability: false, timeouts: {implicit: 0, pageLoad: 300000, script: 30000}, unhandledPromptBehavior: dismiss and notify}&#10;Session ID: c68cca534c1ed08b3eedfb1254760ae1" type="org.openqa.selenium.TimeoutException"><![CDATA[org.openqa.selenium.TimeoutException: 
Expected condition failed: waiting for visibility of [[[[[[ChromeDriver: chrome on WINDOWS (c68cca534c1ed08b3eedfb1254760ae1)] -> css selector: ul[class*='product_list']]] -> xpath: //a[@title='Printed Chiffon Dress']/following-sibling::div[@class='content_price']/span[@class='price product-price'][contains(text(),'$16.40')]/ancestor::li]] -> xpath: //a[@title='Add to cart']] (tried for 20 second(s) with 500 milliseconds interval)
Build info: version: '3.141.59', revision: 'e82be7d358', time: '2018-11-14T08:17:03'
System info: host: 'DESKTOP-VDUHRSE', ip: '192.168.0.24', os.name: 'Windows 10', os.arch: 'amd64', os.version: '10.0', java.version: '1.8.0_231'
Driver info: org.openqa.selenium.chrome.ChromeDriver
Capabilities {acceptInsecureCerts: false, browserName: chrome, browserVersion: 80.0.3987.116, chrome: {chromedriverVersion: 79.0.3945.36 (3582db32b3389..., userDataDir: C:\Users\adsid\AppData\Loca...}, goog:chromeOptions: {debuggerAddress: localhost:50816}, javascriptEnabled: true, networkConnectionEnabled: false, pageLoadStrategy: normal, platform: WINDOWS, platformName: WINDOWS, proxy: Proxy(), setWindowRect: true, strictFileInteractability: false, timeouts: {implicit: 0, pageLoad: 300000, script: 30000}, unhandledPromptBehavior: dismiss and notify}
Session ID: c68cca534c1ed08b3eedfb1254760ae1
]]></failure>
    <system-out><![CDATA[
@ShoppingCart
Scenario Outline: : Add items to carts                               &amp#27;[90m# src/test/java/features/ShoppingCart.feature:26&amp#27;[0m
  &amp#27;[32mGiven &amp#27;[0m&amp#27;[32mI am logged into automation practice with email and password&amp#27;[0m &amp#27;[90m# stepDefinitions.ShoppingCartStep.i_am_logged_into_automation_practice_with_email_and_password(io.cucumber.datatable.DataTable)&amp#27;[0m
  &amp#27;[32mAnd &amp#27;[0m&amp#27;[32mI am on accounts page&amp#27;[0m                                          &amp#27;[90m# stepDefinitions.AuthenticationStep.i_am_on_accounts_page()&amp#27;[0m
  &amp#27;[32mWhen &amp#27;[0m&amp#27;[32mI click on woman link&amp#27;[0m                                         &amp#27;[90m# stepDefinitions.ShoppingCartStep.i_click_on_woman_link()&amp#27;[0m
  &amp#27;[32mAnd &amp#27;[0m&amp#27;[32mI click on summer dresses&amp#27;[0m                                      &amp#27;[90m# stepDefinitions.ShoppingCartStep.i_click_on_summer_dresses()&amp#27;[0m
  &amp#27;[31mAnd &amp#27;[0m&amp#27;[31mI add dress to the cart &amp#27;[0m&amp#27;[31m&amp#27;[1m"Printed Chiffon Dress"&amp#27;[0m&amp#27;[31m &amp#27;[0m&amp#27;[31m&amp#27;[1m"$16.40"&amp#27;[0m       &amp#27;[90m# stepDefinitions.ShoppingCartStep.i_add_dress_to_the_cart(java.lang.String,java.lang.String)&amp#27;[0m
      &amp#27;[31morg.openqa.selenium.TimeoutException: Expected condition failed: waiting for visibility of [[[[[[ChromeDriver: chrome on WINDOWS (c68cca534c1ed08b3eedfb1254760ae1)] -> css selector: ul[class*='product_list']]] -> xpath: //a[@title='Printed Chiffon Dress']/following-sibling::div[@class='content_price']/span[@class='price product-price'][contains(text(),'$16.40')]/ancestor::li]] -> xpath: //a[@title='Add to cart']] (tried for 20 second(s) with 500 milliseconds interval)
Build info: version: '3.141.59', revision: 'e82be7d358', time: '2018-11-14T08:17:03'
System info: host: 'DESKTOP-VDUHRSE', ip: '192.168.0.24', os.name: 'Windows 10', os.arch: 'amd64', os.version: '10.0', java.version: '1.8.0_231'
Driver info: org.openqa.selenium.chrome.ChromeDriver
Capabilities {acceptInsecureCerts: false, browserName: chrome, browserVersion: 80.0.3987.116, chrome: {chromedriverVersion: 79.0.3945.36 (3582db32b3389..., userDataDir: C:\Users\adsid\AppData\Loca...}, goog:chromeOptions: {debuggerAddress: localhost:50816}, javascriptEnabled: true, networkConnectionEnabled: false, pageLoadStrategy: normal, platform: WINDOWS, platformName: WINDOWS, proxy: Proxy(), setWindowRect: true, strictFileInteractability: false, timeouts: {implicit: 0, pageLoad: 300000, script: 30000}, unhandledPromptBehavior: dismiss and notify}
Session ID: c68cca534c1ed08b3eedfb1254760ae1
	at org.openqa.selenium.support.ui.WebDriverWait.timeoutException(WebDriverWait.java:95)
	at org.openqa.selenium.support.ui.FluentWait.until(FluentWait.java:272)
	at com.auto.page.DressesPage.addDressToCart(DressesPage.java:41)
	at stepDefinitions.ShoppingCartStep.i_add_dress_to_the_cart(ShoppingCartStep.java:86)
	at ?.I add dress to the cart "Printed Chiffon Dress" "$16.40"(file:///C:/ExceciseTu-workspace/TuiAssignment/src/test/java/features/ShoppingCart.feature:21)
&amp#27;[0m
  &amp#27;[36mThen &amp#27;[0m&amp#27;[36mI see dress is added to cart &amp#27;[0m&amp#27;[36m&amp#27;[1m"Printed Chiffon Dress"&amp#27;[0m&amp#27;[36m &amp#27;[0m&amp#27;[36m&amp#27;[1m"$16.40"&amp#27;[0m &amp#27;[90m# stepDefinitions.ShoppingCartStep.i_see_dress_is_added_to_cart(java.lang.String,java.lang.String)&amp#27;[0m
]]></system-out>
    <system-err><![CDATA[Starting ChromeDriver 79.0.3945.36 (3582db32b33893869b8c1339e8f4d9ed1816f143-refs/branch-heads/3945@{#614}) on port 28307
Only local connections are allowed.
Please protect ports used by ChromeDriver and related test frameworks to prevent access by malicious code.
[1582417810.138][WARNING]: This version of ChromeDriver has not been tested with Chrome version 80.
[1582417812.146][WARNING]: Timed out connecting to Chrome, retrying...
Feb 23, 2020 12:30:14 AM org.openqa.selenium.remote.ProtocolHandshake createSession
INFO: Detected dialect: W3C
[1582417816.199][WARNING]: Timed out connecting to Chrome, retrying...
]]></system-err>
  </testcase>
</testsuite>