<?xml version="1.0" encoding="UTF-8"?>
<!-- Generated by org.testng.reporters.JUnitReportReporter -->
<testsuite skipped="0" hostname="DESKTOP-VDUHRSE" name="cucumberOptions.TestRunner" tests="7" failures="0" timestamp="2020-02-23T00:30:50 GMT" time="153.543" errors="1">
  <testcase name="runScenario" time="18.339" classname="cucumberOptions.TestRunner"/>
  <system-out/>
  <testcase name="runScenario" time="19.405" classname="cucumberOptions.TestRunner"/>
  <system-out/>
  <testcase name="runScenario" time="16.785" classname="cucumberOptions.TestRunner"/>
  <system-out/>
  <testcase name="runScenario" time="41.080" classname="cucumberOptions.TestRunner">
    <error type="org.openqa.selenium.TimeoutException" message="Expected condition failed: waiting for visibility of [[[[[[ChromeDriver: chrome on WINDOWS (c68cca534c1ed08b3eedfb1254760ae1)] -&gt; css selector: ul[class*=&#039;product_list&#039;]]] -&gt; xpath: //a[@title=&#039;Printed Chiffon Dress&#039;]/following-sibling::div[@class=&#039;content_price&#039;]/span[@class=&#039;price product-price&#039;][contains(text(),&#039;$16.40&#039;)]/ancestor::li]] -&gt; xpath: //a[@title=&#039;Add to cart&#039;]] (tried for 20 second(s) with 500 milliseconds interval)
Build info: version: &#039;3.141.59&#039;, revision: &#039;e82be7d358&#039;, time: &#039;2018-11-14T08:17:03&#039;
System info: host: &#039;DESKTOP-VDUHRSE&#039;, ip: &#039;192.168.0.24&#039;, os.name: &#039;Windows 10&#039;, os.arch: &#039;amd64&#039;, os.version: &#039;10.0&#039;, java.version: &#039;1.8.0_231&#039;
Driver info: org.openqa.selenium.chrome.ChromeDriver
Capabilities {acceptInsecureCerts: false, browserName: chrome, browserVersion: 80.0.3987.116, chrome: {chromedriverVersion: 79.0.3945.36 (3582db32b3389..., userDataDir: C:\Users\adsid\AppData\Loca...}, goog:chromeOptions: {debuggerAddress: localhost:50816}, javascriptEnabled: true, networkConnectionEnabled: false, pageLoadStrategy: normal, platform: WINDOWS, platformName: WINDOWS, proxy: Proxy(), setWindowRect: true, strictFileInteractability: false, timeouts: {implicit: 0, pageLoad: 300000, script: 30000}, unhandledPromptBehavior: dismiss and notify}
Session ID: c68cca534c1ed08b3eedfb1254760ae1">
      <![CDATA[org.openqa.selenium.TimeoutException: Expected condition failed: waiting for visibility of [[[[[[ChromeDriver: chrome on WINDOWS (c68cca534c1ed08b3eedfb1254760ae1)] -> css selector: ul[class*='product_list']]] -> xpath: //a[@title='Printed Chiffon Dress']/following-sibling::div[@class='content_price']/span[@class='price product-price'][contains(text(),'$16.40')]/ancestor::li]] -> xpath: //a[@title='Add to cart']] (tried for 20 second(s) with 500 milliseconds interval)
Build info: version: '3.141.59', revision: 'e82be7d358', time: '2018-11-14T08:17:03'
System info: host: 'DESKTOP-VDUHRSE', ip: '192.168.0.24', os.name: 'Windows 10', os.arch: 'amd64', os.version: '10.0', java.version: '1.8.0_231'
Driver info: org.openqa.selenium.chrome.ChromeDriver
Capabilities {acceptInsecureCerts: false, browserName: chrome, browserVersion: 80.0.3987.116, chrome: {chromedriverVersion: 79.0.3945.36 (3582db32b3389..., userDataDir: C:\Users\adsid\AppData\Loca...}, goog:chromeOptions: {debuggerAddress: localhost:50816}, javascriptEnabled: true, networkConnectionEnabled: false, pageLoadStrategy: normal, platform: WINDOWS, platformName: WINDOWS, proxy: Proxy(), setWindowRect: true, strictFileInteractability: false, timeouts: {implicit: 0, pageLoad: 300000, script: 30000}, unhandledPromptBehavior: dismiss and notify}
Session ID: c68cca534c1ed08b3eedfb1254760ae1
at org.openqa.selenium.support.ui.WebDriverWait.timeoutException(WebDriverWait.java:95)
at org.openqa.selenium.support.ui.FluentWait.until(FluentWait.java:272)
at com.auto.page.DressesPage.addDressToCart(DressesPage.java:41)
at stepDefinitions.ShoppingCartStep.i_add_dress_to_the_cart(ShoppingCartStep.java:86)
at âœ½.I add dress to the cart "Printed Chiffon Dress" "$16.40"(file:///C:/ExceciseTu-workspace/TuiAssignment/src/test/java/features/ShoppingCart.feature:21)
]]>
    </error>
  </testcase> <!-- runScenario -->
  <system-out/>
  <testcase name="runScenario" time="18.064" classname="cucumberOptions.TestRunner"/>
  <system-out/>
  <testcase name="runScenario" time="23.075" classname="cucumberOptions.TestRunner"/>
  <system-out/>
  <testcase name="runScenario" time="16.795" classname="cucumberOptions.TestRunner"/>
  <system-out/>
</testsuite> <!-- cucumberOptions.TestRunner -->
